<?xml version="1.0" encoding="UTF-8"?>
<testng-results ignored="0" total="1" passed="1" failed="0" skipped="0">
  <reporter-output>
  </reporter-output>
  <suite started-at="2026-03-19T21:53:55 IST" name="Default suite" finished-at="2026-03-19T21:54:16 IST" duration-ms="20556">
    <groups>
    </groups>
    <test started-at="2026-03-19T21:53:55 IST" name="Default test" finished-at="2026-03-19T21:54:16 IST" duration-ms="20556">
      <class name="com_vts_Testcases.Testcases">
        <test-method is-config="true" signature="Setup()[pri:0, instance:com_vts_Testcases.Testcases@6743e411]" started-at="2026-03-19T21:53:55 IST" name="Setup" finished-at="2026-03-19T21:54:00 IST" duration-ms="4744" status="PASS">
          <reporter-output>
          </reporter-output>
        </test-method> <!-- Setup -->
        <test-method signature="clickoncomputerdetailspage()[pri:0, instance:com_vts_Testcases.Testcases@6743e411]" started-at="2026-03-19T21:54:00 IST" name="clickoncomputerdetailspage" finished-at="2026-03-19T21:54:16 IST" duration-ms="15546" status="PASS">
          <reporter-output>
          </reporter-output>
        </test-method> <!-- clickoncomputerdetailspage -->
        <test-method is-config="true" signature="TearDown()[pri:0, instance:com_vts_Testcases.Testcases@6743e411]" started-at="2026-03-19T21:54:16 IST" name="TearDown" finished-at="2026-03-19T21:54:16 IST" duration-ms="209" status="PASS">
          <reporter-output>
          </reporter-output>
        </test-method> <!-- TearDown -->
      </class> <!-- com_vts_Testcases.Testcases -->
    </test> <!-- Default test -->
  </suite> <!-- Default suite -->
</testng-results>
